Using pre-set license
Built from '2020.3/staging' branch; Version is '2020.3.5f1 (8095aa901b9b) revision 8426922'; Using compiler version '192528614'; Build Type 'Release'
OS: 'Windows 10 Pro; OS build 19042.985; Version 2009; 64bit' Language: 'ru' Physical Memory: 8189 MB
BatchMode: 1, IsHumanControllingUs: 0, StartBugReporterOnCrash: 0, Is64bit: 1, IsPro: 0

 COMMAND LINE ARGUMENTS:
C:\Program Files\Unity\2020.3.5f1\Editor\Unity.exe
-adb2
-batchMode
-noUpm
-name
AssetImportWorker0
-projectPath
D:/CF/Csstle Fight
-logFile
Logs/AssetImportWorker0.log
-srvPort
61597
Successfully changed project path to: D:/CF/Csstle Fight
D:/CF/Csstle Fight
Using Asset Import Pipeline V2.
Refreshing native plugins compatible for Editor in 67.78 ms, found 0 plugins.
Preloading 0 native plugins for Editor in 0.00 ms.
Initialize engine version: 2020.3.5f1 (8095aa901b9b)
[Subsystems] Discovering subsystems at path C:/Program Files/Unity/2020.3.5f1/Editor/Data/Resources/UnitySubsystems
[Subsystems] Discovering subsystems at path D:/CF/Csstle Fight/Assets
GfxDevice: creating device client; threaded=0
Direct3D:
    Version:  Direct3D 11.0 [level 11.0]
    Renderer: NVIDIA GeForce GTX 750 Ti (ID=0x1380)
    Vendor:   
    VRAM:     2007 MB
    Driver:   27.21.14.6589
Initialize mono
Mono path[0] = 'C:/Program Files/Unity/2020.3.5f1/Editor/Data/Managed'
Mono path[1] = 'C:/Program Files/Unity/2020.3.5f1/Editor/Data/MonoBleedingEdge/lib/mono/unityjit'
Mono config path = 'C:/Program Files/Unity/2020.3.5f1/Editor/Data/MonoBleedingEdge/etc'
Using monoOptions --debugger-agent=transport=dt_socket,embedding=1,server=y,suspend=n,address=127.0.0.1:56140
Begin MonoManager ReloadAssembly
Registering precompiled unity dll's ...
Register platform support module: C:/Program Files/Unity/2020.3.5f1/Editor/Data/PlaybackEngines/WindowsStandaloneSupport/UnityEditor.WindowsStandalone.Extensions.dll
Registered in 0.004345 seconds.
Native extension for WindowsStandalone target not found
Refreshing native plugins compatible for Editor in 64.20 ms, found 0 plugins.
Preloading 0 native plugins for Editor in 0.00 ms.
Mono: successfully reloaded assembly
- Completed reload, in  1.973 seconds
Platform modules already initialized, skipping
Registering precompiled user dll's ...
Registered in 0.004537 seconds.
Begin MonoManager ReloadAssembly
Native extension for WindowsStandalone target not found
Refreshing native plugins compatible for Editor in 0.66 ms, found 0 plugins.
Preloading 0 native plugins for Editor in 0.00 ms.
Mono: successfully reloaded assembly
- Completed reload, in  1.638 seconds
Platform modules already initialized, skipping
========================================================================
Worker process is ready to serve import requests
Launched and connected shader compiler UnityShaderCompiler.exe after 0.06 seconds
Refreshing native plugins compatible for Editor in 0.68 ms, found 0 plugins.
Preloading 0 native plugins for Editor in 0.00 ms.
Unloading 1264 Unused Serialized files (Serialized files now loaded: 0)
System memory in use before: 78.3 MB.
System memory in use after: 78.3 MB.

Unloading 16 unused Assets to reduce memory usage. Loaded Objects now: 1732.
Total: 2.706600 ms (FindLiveObjects: 0.310700 ms CreateObjectMapping: 0.081600 ms MarkObjects: 2.071900 ms  DeleteObjects: 0.241100 ms)

========================================================================
Received Import Request.
  path: Assets/Photon/PhotonUnityNetworking/Resources/PhotonServerSettings.asset
  artifactKey: Guid(289b91df0617f474799b477ac6e14e29) Importer(815301076,1909f56bfc062723c751e8b465ee728b)
Start importing Assets/Photon/PhotonUnityNetworking/Resources/PhotonServerSettings.asset using Guid(289b91df0617f474799b477ac6e14e29) Importer(815301076,1909f56bfc062723c751e8b465ee728b)  -> (artifact id: 'ce5b2a20c91b9a0a418cbbec5cb7329f') in 0.070692 seconds
  Import took 0.074014 seconds .

========================================================================
Received Import Request.
  Time since last request: 1.363382 seconds.
  path: Assets/audio/music/music_7.ogg
  artifactKey: Guid(648ea95663656134ebacb482c8f1e0c2) Importer(815301076,1909f56bfc062723c751e8b465ee728b)
Start importing Assets/audio/music/music_7.ogg using Guid(648ea95663656134ebacb482c8f1e0c2) Importer(815301076,1909f56bfc062723c751e8b465ee728b)  -> (artifact id: 'b6eb57de2136d75d28d4de79fb02789a') in 0.474845 seconds
  Import took 0.478311 seconds .

========================================================================
Received Import Request.
  Time since last request: 0.007907 seconds.
  path: Assets/audio/music/music_7.ogg
  artifactKey: Guid(648ea95663656134ebacb482c8f1e0c2) Importer(815301076,1909f56bfc062723c751e8b465ee728b)
Start importing Assets/audio/music/music_7.ogg using Guid(648ea95663656134ebacb482c8f1e0c2) Importer(815301076,1909f56bfc062723c751e8b465ee728b)  -> (artifact id: 'b6eb57de2136d75d28d4de79fb02789a') in 0.019470 seconds
  Import took 0.023051 seconds .

========================================================================
Received Import Request.
  Time since last request: 103.546898 seconds.
  path: Assets/audio/music/music_7.ogg
  artifactKey: Guid(648ea95663656134ebacb482c8f1e0c2) Importer(815301076,1909f56bfc062723c751e8b465ee728b)
Start importing Assets/audio/music/music_7.ogg using Guid(648ea95663656134ebacb482c8f1e0c2) Importer(815301076,1909f56bfc062723c751e8b465ee728b)  -> (artifact id: 'f63c382dab36d8d53fc8d9e33a90af2f') in 0.075429 seconds
  Import took 0.101882 seconds .

========================================================================
Received Prepare
Registering precompiled user dll's ...
Registered in 0.004583 seconds.
Begin MonoManager ReloadAssembly
Native extension for WindowsStandalone target not found
Refreshing native plugins compatible for Editor in 0.69 ms, found 0 plugins.
Preloading 0 native plugins for Editor in 0.00 ms.
Mono: successfully reloaded assembly
- Completed reload, in  1.593 seconds
Platform modules already initialized, skipping
Refreshing native plugins compatible for Editor in 0.60 ms, found 0 plugins.
Preloading 0 native plugins for Editor in 0.00 ms.
Unloading 1259 Unused Serialized files (Serialized files now loaded: 0)
System memory in use before: 81.3 MB.
System memory in use after: 81.3 MB.

Unloading 10 unused Assets to reduce memory usage. Loaded Objects now: 1746.
Total: 2.633000 ms (FindLiveObjects: 0.309600 ms CreateObjectMapping: 0.078800 ms MarkObjects: 2.080400 ms  DeleteObjects: 0.162800 ms)

========================================================================
Received Prepare
Registering precompiled user dll's ...
Registered in 0.005115 seconds.
Begin MonoManager ReloadAssembly
Native extension for WindowsStandalone target not found
Refreshing native plugins compatible for Editor in 0.67 ms, found 0 plugins.
Preloading 0 native plugins for Editor in 0.00 ms.
Mono: successfully reloaded assembly
- Completed reload, in  1.639 seconds
Platform modules already initialized, skipping
Refreshing native plugins compatible for Editor in 0.65 ms, found 0 plugins.
Preloading 0 native plugins for Editor in 0.00 ms.
Unloading 1259 Unused Serialized files (Serialized files now loaded: 0)
System memory in use before: 81.3 MB.
System memory in use after: 81.4 MB.

Unloading 10 unused Assets to reduce memory usage. Loaded Objects now: 1750.
Total: 4.444500 ms (FindLiveObjects: 0.312200 ms CreateObjectMapping: 0.079400 ms MarkObjects: 3.748600 ms  DeleteObjects: 0.302000 ms)

========================================================================
Received Prepare
Registering precompiled user dll's ...
Registered in 0.004840 seconds.
Begin MonoManager ReloadAssembly
Native extension for WindowsStandalone target not found
Refreshing native plugins compatible for Editor in 0.62 ms, found 0 plugins.
Preloading 0 native plugins for Editor in 0.00 ms.
Mono: successfully reloaded assembly
- Completed reload, in  1.636 seconds
Platform modules already initialized, skipping
Refreshing native plugins compatible for Editor in 0.75 ms, found 0 plugins.
Preloading 0 native plugins for Editor in 0.00 ms.
Unloading 1263 Unused Serialized files (Serialized files now loaded: 0)
System memory in use before: 81.4 MB.
System memory in use after: 81.5 MB.

Unloading 10 unused Assets to reduce memory usage. Loaded Objects now: 1758.
Total: 2.856700 ms (FindLiveObjects: 0.326300 ms CreateObjectMapping: 0.086200 ms MarkObjects: 2.270800 ms  DeleteObjects: 0.172100 ms)

AssetImportWorkerClient::OnTransportError - code=2 error=End of file
